<?xml version="1.0" encoding="UTF-8"?>
<testsuite name="FizzBuzzTest" tests="4" skipped="0" failures="0" errors="0" timestamp="2022-07-14T17:13:19" hostname="Mitchells-MacBook-Pro.local" time="0.017">
  <properties/>
  <testcase name="fizzBuzzShouldReturnBuzzIfDivisibleByFive()" classname="FizzBuzzTest" time="0.014"/>
  <testcase name="fizzBuzzShouldReturnFizzIfDivisibleByThree()" classname="FizzBuzzTest" time="0.001"/>
  <testcase name="foo()" classname="FizzBuzzTest" time="0.001"/>
  <testcase name="fizzBuzzShouldReturnNumberIfNotDivisibleByThreeOrFive()" classname="FizzBuzzTest" time="0.0"/>
  <system-out><![CDATA[]]></system-out>
  <system-err><![CDATA[]]></system-err>
</testsuite>
