<?xml version="1.0" encoding="UTF-8"?>
<testsuite name="LightsaberTest" tests="8" skipped="0" failures="0" errors="0" timestamp="2022-07-14T21:11:42" hostname="Mitchells-MacBook-Pro.local" time="0.015">
  <properties/>
  <testcase name="setsChargeOfLightsaber()" classname="LightsaberTest" time="0.01"/>
  <testcase name="setsColorOfLightsaber()" classname="LightsaberTest" time="0.001"/>
  <testcase name="returnsRemainingMinutes()" classname="LightsaberTest" time="0.0"/>
  <testcase name="returnsJediSerialNumber()" classname="LightsaberTest" time="0.0"/>
  <testcase name="returnsOneHundredPercentCharged()" classname="LightsaberTest" time="0.0"/>
  <testcase name="getsColorOfLightsaber()" classname="LightsaberTest" time="0.0"/>
  <testcase name="getsChargeOfLightsaber()" classname="LightsaberTest" time="0.0"/>
  <testcase name="usesLightsaberCharge()" classname="LightsaberTest" time="0.001"/>
  <system-out><![CDATA[]]></system-out>
  <system-err><![CDATA[]]></system-err>
</testsuite>
